[      55ms] [LOG] [astro-mermaid] Mermaid diagrams detected on initial load @ http://localhost:4321/@id/astro:scripts/page.js:2
[      55ms] [LOG] [astro-mermaid] Initializing mermaid diagrams... @ http://localhost:4321/@id/astro:scripts/page.js:2
[      55ms] [LOG] [astro-mermaid] Found 3 mermaid diagrams @ http://localhost:4321/@id/astro:scripts/page.js:2
[      55ms] [LOG] [astro-mermaid] Loading mermaid.js... @ http://localhost:4321/@id/astro:scripts/page.js:2
[      84ms] [LOG] [astro-mermaid] Using theme: base from body @ http://localhost:4321/@id/astro:scripts/page.js:2
[      87ms] [LOG] [astro-mermaid] Rendering diagram: mermaid-4bj4djcjv @ http://localhost:4321/@id/astro:scripts/page.js:2
[     609ms] [LOG] [astro-mermaid] Successfully rendered diagram: mermaid-4bj4djcjv @ http://localhost:4321/@id/astro:scripts/page.js:2
[     610ms] [LOG] [astro-mermaid] Rendering diagram: mermaid-6fjbzv1ro @ http://localhost:4321/@id/astro:scripts/page.js:2
[     791ms] [LOG] [astro-mermaid] Successfully rendered diagram: mermaid-6fjbzv1ro @ http://localhost:4321/@id/astro:scripts/page.js:2
[     791ms] [LOG] [astro-mermaid] Rendering diagram: mermaid-9qhdgrx3e @ http://localhost:4321/@id/astro:scripts/page.js:2
[     849ms] [LOG] [astro-mermaid] Successfully rendered diagram: mermaid-9qhdgrx3e @ http://localhost:4321/@id/astro:scripts/page.js:2
[ 7872910ms] [LOG] [astro-mermaid] Mermaid diagrams detected on initial load @ http://localhost:4321/@id/astro:scripts/page.js:2
[ 7872910ms] [LOG] [astro-mermaid] Initializing mermaid diagrams... @ http://localhost:4321/@id/astro:scripts/page.js:2
[ 7872910ms] [LOG] [astro-mermaid] Found 3 mermaid diagrams @ http://localhost:4321/@id/astro:scripts/page.js:2
[ 7872910ms] [LOG] [astro-mermaid] Loading mermaid.js... @ http://localhost:4321/@id/astro:scripts/page.js:2
[ 7872965ms] [LOG] [astro-mermaid] Using theme: base from body @ http://localhost:4321/@id/astro:scripts/page.js:2
[ 7872968ms] [LOG] [astro-mermaid] Rendering diagram: mermaid-l7m69eyhx @ http://localhost:4321/@id/astro:scripts/page.js:2
[ 7873680ms] [LOG] [astro-mermaid] Successfully rendered diagram: mermaid-l7m69eyhx @ http://localhost:4321/@id/astro:scripts/page.js:2
[ 7873680ms] [LOG] [astro-mermaid] Rendering diagram: mermaid-z7hymc0mn @ http://localhost:4321/@id/astro:scripts/page.js:2
[ 7873790ms] [LOG] [astro-mermaid] Successfully rendered diagram: mermaid-z7hymc0mn @ http://localhost:4321/@id/astro:scripts/page.js:2
[ 7873790ms] [LOG] [astro-mermaid] Rendering diagram: mermaid-aebl2ihmh @ http://localhost:4321/@id/astro:scripts/page.js:2
[ 7873859ms] [LOG] [astro-mermaid] Successfully rendered diagram: mermaid-aebl2ihmh @ http://localhost:4321/@id/astro:scripts/page.js:2
[ 8112225ms] [LOG] [vite] server connection lost. Polling for restart... @ http://localhost:4321/@vite/client:1598
[ 8118677ms] [LOG] [astro-mermaid] Mermaid diagrams detected on initial load @ http://localhost:4321/@id/astro:scripts/page.js:2
[ 8118677ms] [LOG] [astro-mermaid] Initializing mermaid diagrams... @ http://localhost:4321/@id/astro:scripts/page.js:2
[ 8118677ms] [LOG] [astro-mermaid] Found 3 mermaid diagrams @ http://localhost:4321/@id/astro:scripts/page.js:2
[ 8118677ms] [LOG] [astro-mermaid] Loading mermaid.js... @ http://localhost:4321/@id/astro:scripts/page.js:2
[ 8118750ms] [LOG] [astro-mermaid] Using theme: base from body @ http://localhost:4321/@id/astro:scripts/page.js:2
[ 8118753ms] [LOG] [astro-mermaid] Rendering diagram: mermaid-m14uqjjuz @ http://localhost:4321/@id/astro:scripts/page.js:2
[ 8119984ms] [LOG] [astro-mermaid] Successfully rendered diagram: mermaid-m14uqjjuz @ http://localhost:4321/@id/astro:scripts/page.js:2
[ 8119984ms] [LOG] [astro-mermaid] Rendering diagram: mermaid-k51i5chlb @ http://localhost:4321/@id/astro:scripts/page.js:2
[ 8120056ms] [LOG] [astro-mermaid] Successfully rendered diagram: mermaid-k51i5chlb @ http://localhost:4321/@id/astro:scripts/page.js:2
[ 8120056ms] [LOG] [astro-mermaid] Rendering diagram: mermaid-mzje6wwqh @ http://localhost:4321/@id/astro:scripts/page.js:2
[ 8120112ms] [LOG] [astro-mermaid] Successfully rendered diagram: mermaid-mzje6wwqh @ http://localhost:4321/@id/astro:scripts/page.js:2
[ 8441177ms] [LOG] [vite] server connection lost. Polling for restart... @ http://localhost:4321/@vite/client:1598
[ 8443480ms] [LOG] [astro-mermaid] Mermaid diagrams detected on initial load @ http://localhost:4321/@id/astro:scripts/page.js:2
[ 8443480ms] [LOG] [astro-mermaid] Initializing mermaid diagrams... @ http://localhost:4321/@id/astro:scripts/page.js:2
[ 8443480ms] [LOG] [astro-mermaid] Found 3 mermaid diagrams @ http://localhost:4321/@id/astro:scripts/page.js:2
[ 8443480ms] [LOG] [astro-mermaid] Loading mermaid.js... @ http://localhost:4321/@id/astro:scripts/page.js:2
[ 8443759ms] [LOG] [astro-mermaid] Using theme: base from body @ http://localhost:4321/@id/astro:scripts/page.js:2
[ 8443764ms] [LOG] [astro-mermaid] Rendering diagram: mermaid-ts4wgkedl @ http://localhost:4321/@id/astro:scripts/page.js:2
[ 8444799ms] [LOG] [astro-mermaid] Successfully rendered diagram: mermaid-ts4wgkedl @ http://localhost:4321/@id/astro:scripts/page.js:2
[ 8444800ms] [LOG] [astro-mermaid] Rendering diagram: mermaid-n76iveot3 @ http://localhost:4321/@id/astro:scripts/page.js:2
[ 8444903ms] [LOG] [astro-mermaid] Successfully rendered diagram: mermaid-n76iveot3 @ http://localhost:4321/@id/astro:scripts/page.js:2
[ 8444903ms] [LOG] [astro-mermaid] Rendering diagram: mermaid-hm4t8lsjl @ http://localhost:4321/@id/astro:scripts/page.js:2
[ 8444981ms] [LOG] [astro-mermaid] Successfully rendered diagram: mermaid-hm4t8lsjl @ http://localhost:4321/@id/astro:scripts/page.js:2
[ 9128291ms] [LOG] [astro-mermaid] Mermaid diagrams detected on initial load @ http://localhost:4321/@id/astro:scripts/page.js:2
[ 9128292ms] [LOG] [astro-mermaid] Initializing mermaid diagrams... @ http://localhost:4321/@id/astro:scripts/page.js:2
[ 9128292ms] [LOG] [astro-mermaid] Found 3 mermaid diagrams @ http://localhost:4321/@id/astro:scripts/page.js:2
[ 9128292ms] [LOG] [astro-mermaid] Loading mermaid.js... @ http://localhost:4321/@id/astro:scripts/page.js:2
[ 9128392ms] [LOG] [astro-mermaid] Using theme: base from body @ http://localhost:4321/@id/astro:scripts/page.js:2
[ 9128418ms] [LOG] [astro-mermaid] Rendering diagram: mermaid-rz1gi4trq @ http://localhost:4321/@id/astro:scripts/page.js:2
[ 9129842ms] [LOG] [astro-mermaid] Successfully rendered diagram: mermaid-rz1gi4trq @ http://localhost:4321/@id/astro:scripts/page.js:2
[ 9129842ms] [LOG] [astro-mermaid] Rendering diagram: mermaid-l90goxd5g @ http://localhost:4321/@id/astro:scripts/page.js:2
[ 9130060ms] [LOG] [astro-mermaid] Successfully rendered diagram: mermaid-l90goxd5g @ http://localhost:4321/@id/astro:scripts/page.js:2
[ 9130061ms] [LOG] [astro-mermaid] Rendering diagram: mermaid-dlqxu4pn1 @ http://localhost:4321/@id/astro:scripts/page.js:2
[ 9130189ms] [LOG] [astro-mermaid] Successfully rendered diagram: mermaid-dlqxu4pn1 @ http://localhost:4321/@id/astro:scripts/page.js:2
[ 9136644ms] [LOG] [astro-mermaid] Mermaid diagrams detected on initial load @ http://localhost:4321/@id/astro:scripts/page.js:2
[ 9136644ms] [LOG] [astro-mermaid] Initializing mermaid diagrams... @ http://localhost:4321/@id/astro:scripts/page.js:2
[ 9136644ms] [LOG] [astro-mermaid] Found 3 mermaid diagrams @ http://localhost:4321/@id/astro:scripts/page.js:2
[ 9136644ms] [LOG] [astro-mermaid] Loading mermaid.js... @ http://localhost:4321/@id/astro:scripts/page.js:2
[ 9136702ms] [LOG] [astro-mermaid] Using theme: base from body @ http://localhost:4321/@id/astro:scripts/page.js:2
[ 9136705ms] [LOG] [astro-mermaid] Rendering diagram: mermaid-j9ufr9ish @ http://localhost:4321/@id/astro:scripts/page.js:2
[ 9137815ms] [LOG] [astro-mermaid] Successfully rendered diagram: mermaid-j9ufr9ish @ http://localhost:4321/@id/astro:scripts/page.js:2
[ 9137815ms] [LOG] [astro-mermaid] Rendering diagram: mermaid-nglkg0ajq @ http://localhost:4321/@id/astro:scripts/page.js:2
[ 9138001ms] [LOG] [astro-mermaid] Successfully rendered diagram: mermaid-nglkg0ajq @ http://localhost:4321/@id/astro:scripts/page.js:2
[ 9138002ms] [LOG] [astro-mermaid] Rendering diagram: mermaid-59hekm312 @ http://localhost:4321/@id/astro:scripts/page.js:2
[ 9138126ms] [LOG] [astro-mermaid] Successfully rendered diagram: mermaid-59hekm312 @ http://localhost:4321/@id/astro:scripts/page.js:2
[ 9142894ms] [LOG] [astro-mermaid] Mermaid diagrams detected on initial load @ http://localhost:4321/@id/astro:scripts/page.js:2
[ 9142896ms] [LOG] [astro-mermaid] Initializing mermaid diagrams... @ http://localhost:4321/@id/astro:scripts/page.js:2
[ 9142896ms] [LOG] [astro-mermaid] Found 3 mermaid diagrams @ http://localhost:4321/@id/astro:scripts/page.js:2
[ 9142897ms] [LOG] [astro-mermaid] Loading mermaid.js... @ http://localhost:4321/@id/astro:scripts/page.js:2
[ 9142944ms] [LOG] [astro-mermaid] Using theme: base from body @ http://localhost:4321/@id/astro:scripts/page.js:2
[ 9142946ms] [LOG] [astro-mermaid] Rendering diagram: mermaid-fbe5js4p1 @ http://localhost:4321/@id/astro:scripts/page.js:2
[ 9143877ms] [LOG] [astro-mermaid] Successfully rendered diagram: mermaid-fbe5js4p1 @ http://localhost:4321/@id/astro:scripts/page.js:2
[ 9143878ms] [LOG] [astro-mermaid] Rendering diagram: mermaid-sxpht3b5r @ http://localhost:4321/@id/astro:scripts/page.js:2
[ 9144024ms] [LOG] [astro-mermaid] Successfully rendered diagram: mermaid-sxpht3b5r @ http://localhost:4321/@id/astro:scripts/page.js:2
[ 9144024ms] [LOG] [astro-mermaid] Rendering diagram: mermaid-yd0l6ehpg @ http://localhost:4321/@id/astro:scripts/page.js:2
[ 9144154ms] [LOG] [astro-mermaid] Successfully rendered diagram: mermaid-yd0l6ehpg @ http://localhost:4321/@id/astro:scripts/page.js:2
[10678099ms] [LOG] [astro-mermaid] Mermaid diagrams detected on initial load @ http://localhost:4321/@id/astro:scripts/page.js:2
[10678099ms] [LOG] [astro-mermaid] Initializing mermaid diagrams... @ http://localhost:4321/@id/astro:scripts/page.js:2
[10678100ms] [LOG] [astro-mermaid] Found 3 mermaid diagrams @ http://localhost:4321/@id/astro:scripts/page.js:2
[10678100ms] [LOG] [astro-mermaid] Loading mermaid.js... @ http://localhost:4321/@id/astro:scripts/page.js:2
[10678191ms] [LOG] [astro-mermaid] Using theme: base from body @ http://localhost:4321/@id/astro:scripts/page.js:2
[10678196ms] [LOG] [astro-mermaid] Rendering diagram: mermaid-74153q8vm @ http://localhost:4321/@id/astro:scripts/page.js:2
[10679536ms] [LOG] [astro-mermaid] Successfully rendered diagram: mermaid-74153q8vm @ http://localhost:4321/@id/astro:scripts/page.js:2
[10679536ms] [LOG] [astro-mermaid] Rendering diagram: mermaid-xpbngrb21 @ http://localhost:4321/@id/astro:scripts/page.js:2
[10679674ms] [LOG] [astro-mermaid] Successfully rendered diagram: mermaid-xpbngrb21 @ http://localhost:4321/@id/astro:scripts/page.js:2
[10679675ms] [LOG] [astro-mermaid] Rendering diagram: mermaid-0a54iz6h9 @ http://localhost:4321/@id/astro:scripts/page.js:2
[10679806ms] [LOG] [astro-mermaid] Successfully rendered diagram: mermaid-0a54iz6h9 @ http://localhost:4321/@id/astro:scripts/page.js:2
[10681242ms] [LOG] [astro-mermaid] Mermaid diagrams detected on initial load @ http://localhost:4321/@id/astro:scripts/page.js:2
[10681242ms] [LOG] [astro-mermaid] Initializing mermaid diagrams... @ http://localhost:4321/@id/astro:scripts/page.js:2
[10681242ms] [LOG] [astro-mermaid] Found 3 mermaid diagrams @ http://localhost:4321/@id/astro:scripts/page.js:2
[10681242ms] [LOG] [astro-mermaid] Loading mermaid.js... @ http://localhost:4321/@id/astro:scripts/page.js:2
[10681270ms] [LOG] [astro-mermaid] Using theme: base from body @ http://localhost:4321/@id/astro:scripts/page.js:2
[10681272ms] [LOG] [astro-mermaid] Rendering diagram: mermaid-pogdiv5z4 @ http://localhost:4321/@id/astro:scripts/page.js:2
[10682086ms] [LOG] [astro-mermaid] Successfully rendered diagram: mermaid-pogdiv5z4 @ http://localhost:4321/@id/astro:scripts/page.js:2
[10682086ms] [LOG] [astro-mermaid] Rendering diagram: mermaid-t1twn81na @ http://localhost:4321/@id/astro:scripts/page.js:2
[10682235ms] [LOG] [astro-mermaid] Successfully rendered diagram: mermaid-t1twn81na @ http://localhost:4321/@id/astro:scripts/page.js:2
[10682235ms] [LOG] [astro-mermaid] Rendering diagram: mermaid-0fwbxucnf @ http://localhost:4321/@id/astro:scripts/page.js:2
[10682355ms] [LOG] [astro-mermaid] Successfully rendered diagram: mermaid-0fwbxucnf @ http://localhost:4321/@id/astro:scripts/page.js:2
[12639251ms] [LOG] [astro-mermaid] Mermaid diagrams detected on initial load @ http://localhost:4321/@id/astro:scripts/page.js:2
[12639251ms] [LOG] [astro-mermaid] Initializing mermaid diagrams... @ http://localhost:4321/@id/astro:scripts/page.js:2
[12639251ms] [LOG] [astro-mermaid] Found 3 mermaid diagrams @ http://localhost:4321/@id/astro:scripts/page.js:2
[12639251ms] [LOG] [astro-mermaid] Loading mermaid.js... @ http://localhost:4321/@id/astro:scripts/page.js:2
[12639507ms] [LOG] [astro-mermaid] Using theme: base from body @ http://localhost:4321/@id/astro:scripts/page.js:2
[12639519ms] [LOG] [astro-mermaid] Rendering diagram: mermaid-8zxan1dya @ http://localhost:4321/@id/astro:scripts/page.js:2
[12641185ms] [LOG] [astro-mermaid] Successfully rendered diagram: mermaid-8zxan1dya @ http://localhost:4321/@id/astro:scripts/page.js:2
[12641185ms] [LOG] [astro-mermaid] Rendering diagram: mermaid-3rrey59jc @ http://localhost:4321/@id/astro:scripts/page.js:2
[12641282ms] [LOG] [astro-mermaid] Successfully rendered diagram: mermaid-3rrey59jc @ http://localhost:4321/@id/astro:scripts/page.js:2
[12641282ms] [LOG] [astro-mermaid] Rendering diagram: mermaid-k0dnsduo9 @ http://localhost:4321/@id/astro:scripts/page.js:2
[12641356ms] [LOG] [astro-mermaid] Successfully rendered diagram: mermaid-k0dnsduo9 @ http://localhost:4321/@id/astro:scripts/page.js:2
[12839189ms] [LOG] [astro-mermaid] Mermaid diagrams detected on initial load @ http://localhost:4321/@id/astro:scripts/page.js:2
[12839189ms] [LOG] [astro-mermaid] Initializing mermaid diagrams... @ http://localhost:4321/@id/astro:scripts/page.js:2
[12839189ms] [LOG] [astro-mermaid] Found 3 mermaid diagrams @ http://localhost:4321/@id/astro:scripts/page.js:2
[12839189ms] [LOG] [astro-mermaid] Loading mermaid.js... @ http://localhost:4321/@id/astro:scripts/page.js:2
[12839326ms] [LOG] [astro-mermaid] Using theme: base from body @ http://localhost:4321/@id/astro:scripts/page.js:2
[12839332ms] [LOG] [astro-mermaid] Rendering diagram: mermaid-xm97u36jh @ http://localhost:4321/@id/astro:scripts/page.js:2
[12841042ms] [LOG] [astro-mermaid] Successfully rendered diagram: mermaid-xm97u36jh @ http://localhost:4321/@id/astro:scripts/page.js:2
[12841042ms] [LOG] [astro-mermaid] Rendering diagram: mermaid-pe400vkwy @ http://localhost:4321/@id/astro:scripts/page.js:2
[12841168ms] [LOG] [astro-mermaid] Successfully rendered diagram: mermaid-pe400vkwy @ http://localhost:4321/@id/astro:scripts/page.js:2
[12841168ms] [LOG] [astro-mermaid] Rendering diagram: mermaid-fo2cqneqn @ http://localhost:4321/@id/astro:scripts/page.js:2
[12841247ms] [LOG] [astro-mermaid] Successfully rendered diagram: mermaid-fo2cqneqn @ http://localhost:4321/@id/astro:scripts/page.js:2
[12955159ms] [LOG] [astro-mermaid] Mermaid diagrams detected on initial load @ http://localhost:4321/@id/astro:scripts/page.js:2
[12955159ms] [LOG] [astro-mermaid] Initializing mermaid diagrams... @ http://localhost:4321/@id/astro:scripts/page.js:2
[12955159ms] [LOG] [astro-mermaid] Found 3 mermaid diagrams @ http://localhost:4321/@id/astro:scripts/page.js:2
[12955159ms] [LOG] [astro-mermaid] Loading mermaid.js... @ http://localhost:4321/@id/astro:scripts/page.js:2
[12955243ms] [LOG] [astro-mermaid] Using theme: base from body @ http://localhost:4321/@id/astro:scripts/page.js:2
[12955247ms] [LOG] [astro-mermaid] Rendering diagram: mermaid-af7ul65t1 @ http://localhost:4321/@id/astro:scripts/page.js:2
[12956777ms] [LOG] [astro-mermaid] Successfully rendered diagram: mermaid-af7ul65t1 @ http://localhost:4321/@id/astro:scripts/page.js:2
[12956777ms] [LOG] [astro-mermaid] Rendering diagram: mermaid-86acnwv8b @ http://localhost:4321/@id/astro:scripts/page.js:2
[12956924ms] [LOG] [astro-mermaid] Successfully rendered diagram: mermaid-86acnwv8b @ http://localhost:4321/@id/astro:scripts/page.js:2
[12956925ms] [LOG] [astro-mermaid] Rendering diagram: mermaid-x5opnb21v @ http://localhost:4321/@id/astro:scripts/page.js:2
[12957080ms] [LOG] [astro-mermaid] Successfully rendered diagram: mermaid-x5opnb21v @ http://localhost:4321/@id/astro:scripts/page.js:2
[12971678ms] [LOG] [vite] server connection lost. Polling for restart... @ http://localhost:4321/@vite/client:1598
[12977736ms] [LOG] [astro-mermaid] Mermaid diagrams detected on initial load @ http://localhost:4321/@id/astro:scripts/page.js:2
[12977737ms] [LOG] [astro-mermaid] Initializing mermaid diagrams... @ http://localhost:4321/@id/astro:scripts/page.js:2
[12977737ms] [LOG] [astro-mermaid] Found 3 mermaid diagrams @ http://localhost:4321/@id/astro:scripts/page.js:2
[12977737ms] [LOG] [astro-mermaid] Loading mermaid.js... @ http://localhost:4321/@id/astro:scripts/page.js:2
[12978071ms] [LOG] [astro-mermaid] Using theme: base from body @ http://localhost:4321/@id/astro:scripts/page.js:2
[12978080ms] [LOG] [astro-mermaid] Rendering diagram: mermaid-5cpne1kso @ http://localhost:4321/@id/astro:scripts/page.js:2
[12979467ms] [LOG] [astro-mermaid] Successfully rendered diagram: mermaid-5cpne1kso @ http://localhost:4321/@id/astro:scripts/page.js:2
[12979467ms] [LOG] [astro-mermaid] Rendering diagram: mermaid-lyuvd1ik8 @ http://localhost:4321/@id/astro:scripts/page.js:2
[12979586ms] [LOG] [astro-mermaid] Successfully rendered diagram: mermaid-lyuvd1ik8 @ http://localhost:4321/@id/astro:scripts/page.js:2
[12979586ms] [LOG] [astro-mermaid] Rendering diagram: mermaid-iiefzsy26 @ http://localhost:4321/@id/astro:scripts/page.js:2
[12979677ms] [LOG] [astro-mermaid] Successfully rendered diagram: mermaid-iiefzsy26 @ http://localhost:4321/@id/astro:scripts/page.js:2
[13362614ms] [LOG] [astro-mermaid] Mermaid diagrams detected on initial load @ http://localhost:4321/@id/astro:scripts/page.js:2
[13362614ms] [LOG] [astro-mermaid] Initializing mermaid diagrams... @ http://localhost:4321/@id/astro:scripts/page.js:2
[13362615ms] [LOG] [astro-mermaid] Found 3 mermaid diagrams @ http://localhost:4321/@id/astro:scripts/page.js:2
[13362617ms] [LOG] [astro-mermaid] Loading mermaid.js... @ http://localhost:4321/@id/astro:scripts/page.js:2
[13362737ms] [LOG] [astro-mermaid] Using theme: base from body @ http://localhost:4321/@id/astro:scripts/page.js:2
[13362744ms] [LOG] [astro-mermaid] Rendering diagram: mermaid-2y6p6l4ly @ http://localhost:4321/@id/astro:scripts/page.js:2
[13363798ms] [LOG] [astro-mermaid] Successfully rendered diagram: mermaid-2y6p6l4ly @ http://localhost:4321/@id/astro:scripts/page.js:2
[13363799ms] [LOG] [astro-mermaid] Rendering diagram: mermaid-lfjtattu2 @ http://localhost:4321/@id/astro:scripts/page.js:2
[13363919ms] [LOG] [astro-mermaid] Successfully rendered diagram: mermaid-lfjtattu2 @ http://localhost:4321/@id/astro:scripts/page.js:2
[13363919ms] [LOG] [astro-mermaid] Rendering diagram: mermaid-6jstlux8y @ http://localhost:4321/@id/astro:scripts/page.js:2
[13364001ms] [LOG] [astro-mermaid] Successfully rendered diagram: mermaid-6jstlux8y @ http://localhost:4321/@id/astro:scripts/page.js:2
[13618605ms] [LOG] [astro-mermaid] Mermaid diagrams detected on initial load @ http://localhost:4321/@id/astro:scripts/page.js:2
[13618606ms] [LOG] [astro-mermaid] Initializing mermaid diagrams... @ http://localhost:4321/@id/astro:scripts/page.js:2
[13618606ms] [LOG] [astro-mermaid] Found 3 mermaid diagrams @ http://localhost:4321/@id/astro:scripts/page.js:2
[13618606ms] [LOG] [astro-mermaid] Loading mermaid.js... @ http://localhost:4321/@id/astro:scripts/page.js:2
[13618692ms] [LOG] [astro-mermaid] Using theme: base from body @ http://localhost:4321/@id/astro:scripts/page.js:2
[13618718ms] [LOG] [astro-mermaid] Rendering diagram: mermaid-d8gbjn59j @ http://localhost:4321/@id/astro:scripts/page.js:2
[13619985ms] [LOG] [astro-mermaid] Successfully rendered diagram: mermaid-d8gbjn59j @ http://localhost:4321/@id/astro:scripts/page.js:2
[13619986ms] [LOG] [astro-mermaid] Rendering diagram: mermaid-bih8q5myt @ http://localhost:4321/@id/astro:scripts/page.js:2
[13620086ms] [LOG] [astro-mermaid] Successfully rendered diagram: mermaid-bih8q5myt @ http://localhost:4321/@id/astro:scripts/page.js:2
[13620086ms] [LOG] [astro-mermaid] Rendering diagram: mermaid-yub6x9ckf @ http://localhost:4321/@id/astro:scripts/page.js:2
[13620225ms] [LOG] [astro-mermaid] Successfully rendered diagram: mermaid-yub6x9ckf @ http://localhost:4321/@id/astro:scripts/page.js:2
[13704069ms] [LOG] [astro-mermaid] Mermaid diagrams detected on initial load @ http://localhost:4321/@id/astro:scripts/page.js:2
[13704069ms] [LOG] [astro-mermaid] Initializing mermaid diagrams... @ http://localhost:4321/@id/astro:scripts/page.js:2
[13704069ms] [LOG] [astro-mermaid] Found 3 mermaid diagrams @ http://localhost:4321/@id/astro:scripts/page.js:2
[13704069ms] [LOG] [astro-mermaid] Loading mermaid.js... @ http://localhost:4321/@id/astro:scripts/page.js:2
[13704138ms] [LOG] [astro-mermaid] Using theme: base from body @ http://localhost:4321/@id/astro:scripts/page.js:2
[13704140ms] [LOG] [astro-mermaid] Rendering diagram: mermaid-75jrrlz29 @ http://localhost:4321/@id/astro:scripts/page.js:2
[13705273ms] [LOG] [astro-mermaid] Successfully rendered diagram: mermaid-75jrrlz29 @ http://localhost:4321/@id/astro:scripts/page.js:2
[13705273ms] [LOG] [astro-mermaid] Rendering diagram: mermaid-i7g4zsqn9 @ http://localhost:4321/@id/astro:scripts/page.js:2
[13705392ms] [LOG] [astro-mermaid] Successfully rendered diagram: mermaid-i7g4zsqn9 @ http://localhost:4321/@id/astro:scripts/page.js:2
[13705392ms] [LOG] [astro-mermaid] Rendering diagram: mermaid-asv4vyspk @ http://localhost:4321/@id/astro:scripts/page.js:2
[13705464ms] [LOG] [astro-mermaid] Successfully rendered diagram: mermaid-asv4vyspk @ http://localhost:4321/@id/astro:scripts/page.js:2
[13758844ms] [LOG] [astro-mermaid] Mermaid diagrams detected on initial load @ http://localhost:4321/@id/astro:scripts/page.js:2
[13758845ms] [LOG] [astro-mermaid] Initializing mermaid diagrams... @ http://localhost:4321/@id/astro:scripts/page.js:2
[13758845ms] [LOG] [astro-mermaid] Found 3 mermaid diagrams @ http://localhost:4321/@id/astro:scripts/page.js:2
[13758845ms] [LOG] [astro-mermaid] Loading mermaid.js... @ http://localhost:4321/@id/astro:scripts/page.js:2
[13758926ms] [LOG] [astro-mermaid] Using theme: base from body @ http://localhost:4321/@id/astro:scripts/page.js:2
[13758943ms] [LOG] [astro-mermaid] Rendering diagram: mermaid-uf6k3aipl @ http://localhost:4321/@id/astro:scripts/page.js:2
[13760495ms] [LOG] [astro-mermaid] Successfully rendered diagram: mermaid-uf6k3aipl @ http://localhost:4321/@id/astro:scripts/page.js:2
[13760495ms] [LOG] [astro-mermaid] Rendering diagram: mermaid-huy5yt4cg @ http://localhost:4321/@id/astro:scripts/page.js:2
[13760589ms] [LOG] [astro-mermaid] Successfully rendered diagram: mermaid-huy5yt4cg @ http://localhost:4321/@id/astro:scripts/page.js:2
[13760589ms] [LOG] [astro-mermaid] Rendering diagram: mermaid-0clb4kgr6 @ http://localhost:4321/@id/astro:scripts/page.js:2
[13760668ms] [LOG] [astro-mermaid] Successfully rendered diagram: mermaid-0clb4kgr6 @ http://localhost:4321/@id/astro:scripts/page.js:2
[13790856ms] [LOG] [astro-mermaid] Mermaid diagrams detected on initial load @ http://localhost:4321/@id/astro:scripts/page.js:2
[13790856ms] [LOG] [astro-mermaid] Initializing mermaid diagrams... @ http://localhost:4321/@id/astro:scripts/page.js:2
[13790856ms] [LOG] [astro-mermaid] Found 3 mermaid diagrams @ http://localhost:4321/@id/astro:scripts/page.js:2
[13790856ms] [LOG] [astro-mermaid] Loading mermaid.js... @ http://localhost:4321/@id/astro:scripts/page.js:2
[13790947ms] [LOG] [astro-mermaid] Using theme: base from body @ http://localhost:4321/@id/astro:scripts/page.js:2
[13790952ms] [LOG] [astro-mermaid] Rendering diagram: mermaid-h6hgou0rn @ http://localhost:4321/@id/astro:scripts/page.js:2
[13792104ms] [LOG] [astro-mermaid] Successfully rendered diagram: mermaid-h6hgou0rn @ http://localhost:4321/@id/astro:scripts/page.js:2
[13792104ms] [LOG] [astro-mermaid] Rendering diagram: mermaid-u0kwpybss @ http://localhost:4321/@id/astro:scripts/page.js:2
[13792238ms] [LOG] [astro-mermaid] Successfully rendered diagram: mermaid-u0kwpybss @ http://localhost:4321/@id/astro:scripts/page.js:2
[13792239ms] [LOG] [astro-mermaid] Rendering diagram: mermaid-kmgjceznd @ http://localhost:4321/@id/astro:scripts/page.js:2
[13792310ms] [LOG] [astro-mermaid] Successfully rendered diagram: mermaid-kmgjceznd @ http://localhost:4321/@id/astro:scripts/page.js:2
[13851536ms] [LOG] [astro-mermaid] Mermaid diagrams detected on initial load @ http://localhost:4321/@id/astro:scripts/page.js:2
[13851536ms] [LOG] [astro-mermaid] Initializing mermaid diagrams... @ http://localhost:4321/@id/astro:scripts/page.js:2
[13851536ms] [LOG] [astro-mermaid] Found 3 mermaid diagrams @ http://localhost:4321/@id/astro:scripts/page.js:2
[13851536ms] [LOG] [astro-mermaid] Loading mermaid.js... @ http://localhost:4321/@id/astro:scripts/page.js:2
[13851589ms] [LOG] [astro-mermaid] Using theme: base from body @ http://localhost:4321/@id/astro:scripts/page.js:2
[13851593ms] [LOG] [astro-mermaid] Rendering diagram: mermaid-tnzn7c892 @ http://localhost:4321/@id/astro:scripts/page.js:2
[13852798ms] [LOG] [astro-mermaid] Successfully rendered diagram: mermaid-tnzn7c892 @ http://localhost:4321/@id/astro:scripts/page.js:2
[13852798ms] [LOG] [astro-mermaid] Rendering diagram: mermaid-ipawjjch6 @ http://localhost:4321/@id/astro:scripts/page.js:2
[13852904ms] [LOG] [astro-mermaid] Successfully rendered diagram: mermaid-ipawjjch6 @ http://localhost:4321/@id/astro:scripts/page.js:2
[13852904ms] [LOG] [astro-mermaid] Rendering diagram: mermaid-k1dfmumis @ http://localhost:4321/@id/astro:scripts/page.js:2
[13852960ms] [LOG] [astro-mermaid] Successfully rendered diagram: mermaid-k1dfmumis @ http://localhost:4321/@id/astro:scripts/page.js:2
[13903523ms] [LOG] [astro-mermaid] Mermaid diagrams detected on initial load @ http://localhost:4321/@id/astro:scripts/page.js:2
[13903523ms] [LOG] [astro-mermaid] Initializing mermaid diagrams... @ http://localhost:4321/@id/astro:scripts/page.js:2
[13903523ms] [LOG] [astro-mermaid] Found 3 mermaid diagrams @ http://localhost:4321/@id/astro:scripts/page.js:2
[13903524ms] [LOG] [astro-mermaid] Loading mermaid.js... @ http://localhost:4321/@id/astro:scripts/page.js:2
[13903589ms] [LOG] [astro-mermaid] Using theme: base from body @ http://localhost:4321/@id/astro:scripts/page.js:2
[13903594ms] [LOG] [astro-mermaid] Rendering diagram: mermaid-gpvk2g6h5 @ http://localhost:4321/@id/astro:scripts/page.js:2
[13904832ms] [LOG] [astro-mermaid] Successfully rendered diagram: mermaid-gpvk2g6h5 @ http://localhost:4321/@id/astro:scripts/page.js:2
[13904832ms] [LOG] [astro-mermaid] Rendering diagram: mermaid-m50o818dd @ http://localhost:4321/@id/astro:scripts/page.js:2
[13904918ms] [LOG] [astro-mermaid] Successfully rendered diagram: mermaid-m50o818dd @ http://localhost:4321/@id/astro:scripts/page.js:2
[13904919ms] [LOG] [astro-mermaid] Rendering diagram: mermaid-tn02jqx3s @ http://localhost:4321/@id/astro:scripts/page.js:2
[13904993ms] [LOG] [astro-mermaid] Successfully rendered diagram: mermaid-tn02jqx3s @ http://localhost:4321/@id/astro:scripts/page.js:2
[13930525ms] [LOG] [astro-mermaid] Mermaid diagrams detected on initial load @ http://localhost:4321/@id/astro:scripts/page.js:2
[13930525ms] [LOG] [astro-mermaid] Initializing mermaid diagrams... @ http://localhost:4321/@id/astro:scripts/page.js:2
[13930525ms] [LOG] [astro-mermaid] Found 3 mermaid diagrams @ http://localhost:4321/@id/astro:scripts/page.js:2
[13930525ms] [LOG] [astro-mermaid] Loading mermaid.js... @ http://localhost:4321/@id/astro:scripts/page.js:2
[13930570ms] [LOG] [astro-mermaid] Using theme: base from body @ http://localhost:4321/@id/astro:scripts/page.js:2
[13930574ms] [LOG] [astro-mermaid] Rendering diagram: mermaid-mkqa4hzsu @ http://localhost:4321/@id/astro:scripts/page.js:2
[13931577ms] [LOG] [astro-mermaid] Successfully rendered diagram: mermaid-mkqa4hzsu @ http://localhost:4321/@id/astro:scripts/page.js:2
[13931577ms] [LOG] [astro-mermaid] Rendering diagram: mermaid-56vx4avo3 @ http://localhost:4321/@id/astro:scripts/page.js:2
[13931693ms] [LOG] [astro-mermaid] Successfully rendered diagram: mermaid-56vx4avo3 @ http://localhost:4321/@id/astro:scripts/page.js:2
[13931693ms] [LOG] [astro-mermaid] Rendering diagram: mermaid-cl43otifo @ http://localhost:4321/@id/astro:scripts/page.js:2
[13931763ms] [LOG] [astro-mermaid] Successfully rendered diagram: mermaid-cl43otifo @ http://localhost:4321/@id/astro:scripts/page.js:2
[13964123ms] [LOG] [astro-mermaid] Mermaid diagrams detected on initial load @ http://localhost:4321/@id/astro:scripts/page.js:2
[13964123ms] [LOG] [astro-mermaid] Initializing mermaid diagrams... @ http://localhost:4321/@id/astro:scripts/page.js:2
[13964124ms] [LOG] [astro-mermaid] Found 3 mermaid diagrams @ http://localhost:4321/@id/astro:scripts/page.js:2
[13964124ms] [LOG] [astro-mermaid] Loading mermaid.js... @ http://localhost:4321/@id/astro:scripts/page.js:2
[13964190ms] [LOG] [astro-mermaid] Using theme: base from body @ http://localhost:4321/@id/astro:scripts/page.js:2
[13964194ms] [LOG] [astro-mermaid] Rendering diagram: mermaid-q4irsup8n @ http://localhost:4321/@id/astro:scripts/page.js:2
[13965281ms] [LOG] [astro-mermaid] Successfully rendered diagram: mermaid-q4irsup8n @ http://localhost:4321/@id/astro:scripts/page.js:2
[13965281ms] [LOG] [astro-mermaid] Rendering diagram: mermaid-d4o4t617a @ http://localhost:4321/@id/astro:scripts/page.js:2
[13965391ms] [LOG] [astro-mermaid] Successfully rendered diagram: mermaid-d4o4t617a @ http://localhost:4321/@id/astro:scripts/page.js:2
[13965391ms] [LOG] [astro-mermaid] Rendering diagram: mermaid-f2extyh9w @ http://localhost:4321/@id/astro:scripts/page.js:2
[13965449ms] [LOG] [astro-mermaid] Successfully rendered diagram: mermaid-f2extyh9w @ http://localhost:4321/@id/astro:scripts/page.js:2
[13989073ms] [LOG] [astro-mermaid] Mermaid diagrams detected on initial load @ http://localhost:4321/@id/astro:scripts/page.js:2
[13989074ms] [LOG] [astro-mermaid] Initializing mermaid diagrams... @ http://localhost:4321/@id/astro:scripts/page.js:2
[13989075ms] [LOG] [astro-mermaid] Found 3 mermaid diagrams @ http://localhost:4321/@id/astro:scripts/page.js:2
[13989077ms] [LOG] [astro-mermaid] Loading mermaid.js... @ http://localhost:4321/@id/astro:scripts/page.js:2
[13989131ms] [LOG] [astro-mermaid] Using theme: base from body @ http://localhost:4321/@id/astro:scripts/page.js:2
[13989135ms] [LOG] [astro-mermaid] Rendering diagram: mermaid-etav83esd @ http://localhost:4321/@id/astro:scripts/page.js:2
[13990188ms] [LOG] [astro-mermaid] Successfully rendered diagram: mermaid-etav83esd @ http://localhost:4321/@id/astro:scripts/page.js:2
[13990189ms] [LOG] [astro-mermaid] Rendering diagram: mermaid-4vqg6b174 @ http://localhost:4321/@id/astro:scripts/page.js:2
[13990308ms] [LOG] [astro-mermaid] Successfully rendered diagram: mermaid-4vqg6b174 @ http://localhost:4321/@id/astro:scripts/page.js:2
[13990309ms] [LOG] [astro-mermaid] Rendering diagram: mermaid-v04gjdpov @ http://localhost:4321/@id/astro:scripts/page.js:2
[13990375ms] [LOG] [astro-mermaid] Successfully rendered diagram: mermaid-v04gjdpov @ http://localhost:4321/@id/astro:scripts/page.js:2
[14008258ms] [LOG] [astro-mermaid] Mermaid diagrams detected on initial load @ http://localhost:4321/@id/astro:scripts/page.js:2
[14008260ms] [LOG] [astro-mermaid] Initializing mermaid diagrams... @ http://localhost:4321/@id/astro:scripts/page.js:2
[14008260ms] [LOG] [astro-mermaid] Found 3 mermaid diagrams @ http://localhost:4321/@id/astro:scripts/page.js:2
[14008261ms] [LOG] [astro-mermaid] Loading mermaid.js... @ http://localhost:4321/@id/astro:scripts/page.js:2
[14008343ms] [LOG] [astro-mermaid] Using theme: base from body @ http://localhost:4321/@id/astro:scripts/page.js:2
[14008349ms] [LOG] [astro-mermaid] Rendering diagram: mermaid-6pufnr3l8 @ http://localhost:4321/@id/astro:scripts/page.js:2
[14009338ms] [LOG] [astro-mermaid] Successfully rendered diagram: mermaid-6pufnr3l8 @ http://localhost:4321/@id/astro:scripts/page.js:2
[14009338ms] [LOG] [astro-mermaid] Rendering diagram: mermaid-h8n0r5949 @ http://localhost:4321/@id/astro:scripts/page.js:2
[14009448ms] [LOG] [astro-mermaid] Successfully rendered diagram: mermaid-h8n0r5949 @ http://localhost:4321/@id/astro:scripts/page.js:2
[14009448ms] [LOG] [astro-mermaid] Rendering diagram: mermaid-a0cfoz35w @ http://localhost:4321/@id/astro:scripts/page.js:2
[14009521ms] [LOG] [astro-mermaid] Successfully rendered diagram: mermaid-a0cfoz35w @ http://localhost:4321/@id/astro:scripts/page.js:2
[14082976ms] [LOG] [astro-mermaid] Mermaid diagrams detected on initial load @ http://localhost:4321/@id/astro:scripts/page.js:2
[14082977ms] [LOG] [astro-mermaid] Initializing mermaid diagrams... @ http://localhost:4321/@id/astro:scripts/page.js:2
[14082977ms] [LOG] [astro-mermaid] Found 3 mermaid diagrams @ http://localhost:4321/@id/astro:scripts/page.js:2
[14082978ms] [LOG] [astro-mermaid] Loading mermaid.js... @ http://localhost:4321/@id/astro:scripts/page.js:2
[14083044ms] [LOG] [astro-mermaid] Using theme: base from body @ http://localhost:4321/@id/astro:scripts/page.js:2
[14083049ms] [LOG] [astro-mermaid] Rendering diagram: mermaid-d9za3m49e @ http://localhost:4321/@id/astro:scripts/page.js:2
[14084527ms] [LOG] [astro-mermaid] Successfully rendered diagram: mermaid-d9za3m49e @ http://localhost:4321/@id/astro:scripts/page.js:2
[14084527ms] [LOG] [astro-mermaid] Rendering diagram: mermaid-66oxc4n17 @ http://localhost:4321/@id/astro:scripts/page.js:2
[14084649ms] [LOG] [astro-mermaid] Successfully rendered diagram: mermaid-66oxc4n17 @ http://localhost:4321/@id/astro:scripts/page.js:2
[14084649ms] [LOG] [astro-mermaid] Rendering diagram: mermaid-p5n8fhyd7 @ http://localhost:4321/@id/astro:scripts/page.js:2
[14084722ms] [LOG] [astro-mermaid] Successfully rendered diagram: mermaid-p5n8fhyd7 @ http://localhost:4321/@id/astro:scripts/page.js:2
[14111057ms] [LOG] [astro-mermaid] Mermaid diagrams detected on initial load @ http://localhost:4321/@id/astro:scripts/page.js:2
[14111057ms] [LOG] [astro-mermaid] Initializing mermaid diagrams... @ http://localhost:4321/@id/astro:scripts/page.js:2
[14111057ms] [LOG] [astro-mermaid] Found 3 mermaid diagrams @ http://localhost:4321/@id/astro:scripts/page.js:2
[14111058ms] [LOG] [astro-mermaid] Loading mermaid.js... @ http://localhost:4321/@id/astro:scripts/page.js:2
[14111103ms] [LOG] [astro-mermaid] Using theme: base from body @ http://localhost:4321/@id/astro:scripts/page.js:2
[14111108ms] [LOG] [astro-mermaid] Rendering diagram: mermaid-ydu2f7eaj @ http://localhost:4321/@id/astro:scripts/page.js:2
[14112158ms] [LOG] [astro-mermaid] Successfully rendered diagram: mermaid-ydu2f7eaj @ http://localhost:4321/@id/astro:scripts/page.js:2
[14112158ms] [LOG] [astro-mermaid] Rendering diagram: mermaid-p1aigj0f2 @ http://localhost:4321/@id/astro:scripts/page.js:2
[14112225ms] [LOG] [astro-mermaid] Successfully rendered diagram: mermaid-p1aigj0f2 @ http://localhost:4321/@id/astro:scripts/page.js:2
[14112226ms] [LOG] [astro-mermaid] Rendering diagram: mermaid-9o5tjyck3 @ http://localhost:4321/@id/astro:scripts/page.js:2
[14112289ms] [LOG] [astro-mermaid] Successfully rendered diagram: mermaid-9o5tjyck3 @ http://localhost:4321/@id/astro:scripts/page.js:2
[14229050ms] [LOG] [astro-mermaid] Mermaid diagrams detected on initial load @ http://localhost:4321/@id/astro:scripts/page.js:2
[14229050ms] [LOG] [astro-mermaid] Initializing mermaid diagrams... @ http://localhost:4321/@id/astro:scripts/page.js:2
[14229051ms] [LOG] [astro-mermaid] Found 3 mermaid diagrams @ http://localhost:4321/@id/astro:scripts/page.js:2
[14229051ms] [LOG] [astro-mermaid] Loading mermaid.js... @ http://localhost:4321/@id/astro:scripts/page.js:2
[14229122ms] [LOG] [astro-mermaid] Using theme: base from body @ http://localhost:4321/@id/astro:scripts/page.js:2
[14229129ms] [LOG] [astro-mermaid] Rendering diagram: mermaid-iqojhnh8n @ http://localhost:4321/@id/astro:scripts/page.js:2
[14230247ms] [LOG] [astro-mermaid] Successfully rendered diagram: mermaid-iqojhnh8n @ http://localhost:4321/@id/astro:scripts/page.js:2
[14230247ms] [LOG] [astro-mermaid] Rendering diagram: mermaid-0k0n9vz0i @ http://localhost:4321/@id/astro:scripts/page.js:2
[14230415ms] [LOG] [astro-mermaid] Successfully rendered diagram: mermaid-0k0n9vz0i @ http://localhost:4321/@id/astro:scripts/page.js:2
[14230415ms] [LOG] [astro-mermaid] Rendering diagram: mermaid-03u5pg5hv @ http://localhost:4321/@id/astro:scripts/page.js:2
[14230505ms] [LOG] [astro-mermaid] Successfully rendered diagram: mermaid-03u5pg5hv @ http://localhost:4321/@id/astro:scripts/page.js:2
[14249982ms] [LOG] [astro-mermaid] Mermaid diagrams detected on initial load @ http://localhost:4321/@id/astro:scripts/page.js:2
[14249982ms] [LOG] [astro-mermaid] Initializing mermaid diagrams... @ http://localhost:4321/@id/astro:scripts/page.js:2
[14249982ms] [LOG] [astro-mermaid] Found 3 mermaid diagrams @ http://localhost:4321/@id/astro:scripts/page.js:2
[14249982ms] [LOG] [astro-mermaid] Loading mermaid.js... @ http://localhost:4321/@id/astro:scripts/page.js:2
[14250028ms] [LOG] [astro-mermaid] Using theme: base from body @ http://localhost:4321/@id/astro:scripts/page.js:2
[14250032ms] [LOG] [astro-mermaid] Rendering diagram: mermaid-dww3s6t4y @ http://localhost:4321/@id/astro:scripts/page.js:2
[14251052ms] [LOG] [astro-mermaid] Successfully rendered diagram: mermaid-dww3s6t4y @ http://localhost:4321/@id/astro:scripts/page.js:2
[14251052ms] [LOG] [astro-mermaid] Rendering diagram: mermaid-l93ab3hxn @ http://localhost:4321/@id/astro:scripts/page.js:2
[14251166ms] [LOG] [astro-mermaid] Successfully rendered diagram: mermaid-l93ab3hxn @ http://localhost:4321/@id/astro:scripts/page.js:2
[14251166ms] [LOG] [astro-mermaid] Rendering diagram: mermaid-tzb99di7e @ http://localhost:4321/@id/astro:scripts/page.js:2
[14251239ms] [LOG] [astro-mermaid] Successfully rendered diagram: mermaid-tzb99di7e @ http://localhost:4321/@id/astro:scripts/page.js:2
[14284181ms] [LOG] [astro-mermaid] Mermaid diagrams detected on initial load @ http://localhost:4321/@id/astro:scripts/page.js:2
[14284182ms] [LOG] [astro-mermaid] Initializing mermaid diagrams... @ http://localhost:4321/@id/astro:scripts/page.js:2
[14284182ms] [LOG] [astro-mermaid] Found 3 mermaid diagrams @ http://localhost:4321/@id/astro:scripts/page.js:2
[14284182ms] [LOG] [astro-mermaid] Loading mermaid.js... @ http://localhost:4321/@id/astro:scripts/page.js:2
[14284272ms] [LOG] [astro-mermaid] Using theme: base from body @ http://localhost:4321/@id/astro:scripts/page.js:2
[14284278ms] [LOG] [astro-mermaid] Rendering diagram: mermaid-4ist5uzmn @ http://localhost:4321/@id/astro:scripts/page.js:2
[14285500ms] [LOG] [astro-mermaid] Successfully rendered diagram: mermaid-4ist5uzmn @ http://localhost:4321/@id/astro:scripts/page.js:2
[14285501ms] [LOG] [astro-mermaid] Rendering diagram: mermaid-17e85o6uy @ http://localhost:4321/@id/astro:scripts/page.js:2
[14285620ms] [LOG] [astro-mermaid] Successfully rendered diagram: mermaid-17e85o6uy @ http://localhost:4321/@id/astro:scripts/page.js:2
[14285620ms] [LOG] [astro-mermaid] Rendering diagram: mermaid-aynllv1yy @ http://localhost:4321/@id/astro:scripts/page.js:2
[14285730ms] [LOG] [astro-mermaid] Successfully rendered diagram: mermaid-aynllv1yy @ http://localhost:4321/@id/astro:scripts/page.js:2
[14312657ms] [LOG] [astro-mermaid] Mermaid diagrams detected on initial load @ http://localhost:4321/@id/astro:scripts/page.js:2
[14312658ms] [LOG] [astro-mermaid] Initializing mermaid diagrams... @ http://localhost:4321/@id/astro:scripts/page.js:2
[14312658ms] [LOG] [astro-mermaid] Found 3 mermaid diagrams @ http://localhost:4321/@id/astro:scripts/page.js:2
[14312658ms] [LOG] [astro-mermaid] Loading mermaid.js... @ http://localhost:4321/@id/astro:scripts/page.js:2
[14312706ms] [LOG] [astro-mermaid] Using theme: base from body @ http://localhost:4321/@id/astro:scripts/page.js:2
[14312709ms] [LOG] [astro-mermaid] Rendering diagram: mermaid-02b3a8kwi @ http://localhost:4321/@id/astro:scripts/page.js:2
[14313751ms] [LOG] [astro-mermaid] Successfully rendered diagram: mermaid-02b3a8kwi @ http://localhost:4321/@id/astro:scripts/page.js:2
[14313751ms] [LOG] [astro-mermaid] Rendering diagram: mermaid-wetj6bbqt @ http://localhost:4321/@id/astro:scripts/page.js:2
[14313933ms] [LOG] [astro-mermaid] Successfully rendered diagram: mermaid-wetj6bbqt @ http://localhost:4321/@id/astro:scripts/page.js:2
[14313934ms] [LOG] [astro-mermaid] Rendering diagram: mermaid-ayenqwplr @ http://localhost:4321/@id/astro:scripts/page.js:2
[14314033ms] [LOG] [astro-mermaid] Successfully rendered diagram: mermaid-ayenqwplr @ http://localhost:4321/@id/astro:scripts/page.js:2
[14377393ms] [LOG] [astro-mermaid] Mermaid diagrams detected on initial load @ http://localhost:4321/@id/astro:scripts/page.js:2
[14377393ms] [LOG] [astro-mermaid] Initializing mermaid diagrams... @ http://localhost:4321/@id/astro:scripts/page.js:2
[14377393ms] [LOG] [astro-mermaid] Found 3 mermaid diagrams @ http://localhost:4321/@id/astro:scripts/page.js:2
[14377393ms] [LOG] [astro-mermaid] Loading mermaid.js... @ http://localhost:4321/@id/astro:scripts/page.js:2
[14377456ms] [LOG] [astro-mermaid] Using theme: base from body @ http://localhost:4321/@id/astro:scripts/page.js:2
[14377460ms] [LOG] [astro-mermaid] Rendering diagram: mermaid-mg9zq0sbv @ http://localhost:4321/@id/astro:scripts/page.js:2
[14378725ms] [LOG] [astro-mermaid] Successfully rendered diagram: mermaid-mg9zq0sbv @ http://localhost:4321/@id/astro:scripts/page.js:2
[14378725ms] [LOG] [astro-mermaid] Rendering diagram: mermaid-1f9m9oee6 @ http://localhost:4321/@id/astro:scripts/page.js:2
[14378842ms] [LOG] [astro-mermaid] Successfully rendered diagram: mermaid-1f9m9oee6 @ http://localhost:4321/@id/astro:scripts/page.js:2
[14378843ms] [LOG] [astro-mermaid] Rendering diagram: mermaid-b7kh1i4s9 @ http://localhost:4321/@id/astro:scripts/page.js:2
[14378907ms] [LOG] [astro-mermaid] Successfully rendered diagram: mermaid-b7kh1i4s9 @ http://localhost:4321/@id/astro:scripts/page.js:2
[14400364ms] [LOG] [astro-mermaid] Mermaid diagrams detected on initial load @ http://localhost:4321/@id/astro:scripts/page.js:2
[14400364ms] [LOG] [astro-mermaid] Initializing mermaid diagrams... @ http://localhost:4321/@id/astro:scripts/page.js:2
[14400364ms] [LOG] [astro-mermaid] Found 3 mermaid diagrams @ http://localhost:4321/@id/astro:scripts/page.js:2
[14400364ms] [LOG] [astro-mermaid] Loading mermaid.js... @ http://localhost:4321/@id/astro:scripts/page.js:2
[14400396ms] [LOG] [astro-mermaid] Using theme: base from body @ http://localhost:4321/@id/astro:scripts/page.js:2
[14400399ms] [LOG] [astro-mermaid] Rendering diagram: mermaid-m1k7a9xzm @ http://localhost:4321/@id/astro:scripts/page.js:2
[14401443ms] [LOG] [astro-mermaid] Successfully rendered diagram: mermaid-m1k7a9xzm @ http://localhost:4321/@id/astro:scripts/page.js:2
[14401443ms] [LOG] [astro-mermaid] Rendering diagram: mermaid-0rld3zyo2 @ http://localhost:4321/@id/astro:scripts/page.js:2
[14401593ms] [LOG] [astro-mermaid] Successfully rendered diagram: mermaid-0rld3zyo2 @ http://localhost:4321/@id/astro:scripts/page.js:2
[14401593ms] [LOG] [astro-mermaid] Rendering diagram: mermaid-ipi4ez9wp @ http://localhost:4321/@id/astro:scripts/page.js:2
[14401671ms] [LOG] [astro-mermaid] Successfully rendered diagram: mermaid-ipi4ez9wp @ http://localhost:4321/@id/astro:scripts/page.js:2
[14431023ms] [LOG] [astro-mermaid] Mermaid diagrams detected on initial load @ http://localhost:4321/@id/astro:scripts/page.js:2
[14431024ms] [LOG] [astro-mermaid] Initializing mermaid diagrams... @ http://localhost:4321/@id/astro:scripts/page.js:2
[14431028ms] [LOG] [astro-mermaid] Found 3 mermaid diagrams @ http://localhost:4321/@id/astro:scripts/page.js:2
[14431028ms] [LOG] [astro-mermaid] Loading mermaid.js... @ http://localhost:4321/@id/astro:scripts/page.js:2
[14431088ms] [LOG] [astro-mermaid] Using theme: base from body @ http://localhost:4321/@id/astro:scripts/page.js:2
[14431092ms] [LOG] [astro-mermaid] Rendering diagram: mermaid-r0rxoy6sj @ http://localhost:4321/@id/astro:scripts/page.js:2
[14432282ms] [LOG] [astro-mermaid] Successfully rendered diagram: mermaid-r0rxoy6sj @ http://localhost:4321/@id/astro:scripts/page.js:2
[14432282ms] [LOG] [astro-mermaid] Rendering diagram: mermaid-52kagl2k8 @ http://localhost:4321/@id/astro:scripts/page.js:2
[14432372ms] [LOG] [astro-mermaid] Successfully rendered diagram: mermaid-52kagl2k8 @ http://localhost:4321/@id/astro:scripts/page.js:2
[14432373ms] [LOG] [astro-mermaid] Rendering diagram: mermaid-ipvkkr522 @ http://localhost:4321/@id/astro:scripts/page.js:2
[14432451ms] [LOG] [astro-mermaid] Successfully rendered diagram: mermaid-ipvkkr522 @ http://localhost:4321/@id/astro:scripts/page.js:2
