[     115ms] [LOG] [astro-mermaid] Mermaid diagrams detected on initial load @ http://localhost:4321/@id/astro:scripts/page.js:2
[     115ms] [LOG] [astro-mermaid] Initializing mermaid diagrams... @ http://localhost:4321/@id/astro:scripts/page.js:2
[     115ms] [LOG] [astro-mermaid] Found 3 mermaid diagrams @ http://localhost:4321/@id/astro:scripts/page.js:2
[     115ms] [LOG] [astro-mermaid] Loading mermaid.js... @ http://localhost:4321/@id/astro:scripts/page.js:2
[     170ms] [LOG] [astro-mermaid] Using theme: base from body @ http://localhost:4321/@id/astro:scripts/page.js:2
[     174ms] [LOG] [astro-mermaid] Rendering diagram: mermaid-l918i36hf @ http://localhost:4321/@id/astro:scripts/page.js:2
[     850ms] [LOG] [astro-mermaid] Successfully rendered diagram: mermaid-l918i36hf @ http://localhost:4321/@id/astro:scripts/page.js:2
[     850ms] [LOG] [astro-mermaid] Rendering diagram: mermaid-tpu98zp85 @ http://localhost:4321/@id/astro:scripts/page.js:2
[    1049ms] [LOG] [astro-mermaid] Successfully rendered diagram: mermaid-tpu98zp85 @ http://localhost:4321/@id/astro:scripts/page.js:2
[    1049ms] [LOG] [astro-mermaid] Rendering diagram: mermaid-dhqwavjs2 @ http://localhost:4321/@id/astro:scripts/page.js:2
[    1104ms] [LOG] [astro-mermaid] Successfully rendered diagram: mermaid-dhqwavjs2 @ http://localhost:4321/@id/astro:scripts/page.js:2
[   60675ms] [LOG] [astro-mermaid] Mermaid diagrams detected on initial load @ http://localhost:4321/@id/astro:scripts/page.js:2
[   60676ms] [LOG] [astro-mermaid] Initializing mermaid diagrams... @ http://localhost:4321/@id/astro:scripts/page.js:2
[   60676ms] [LOG] [astro-mermaid] Found 3 mermaid diagrams @ http://localhost:4321/@id/astro:scripts/page.js:2
[   60676ms] [LOG] [astro-mermaid] Loading mermaid.js... @ http://localhost:4321/@id/astro:scripts/page.js:2
[   60750ms] [LOG] [astro-mermaid] Using theme: base from body @ http://localhost:4321/@id/astro:scripts/page.js:2
[   60754ms] [LOG] [astro-mermaid] Rendering diagram: mermaid-8x1743dee @ http://localhost:4321/@id/astro:scripts/page.js:2
[   62404ms] [LOG] [astro-mermaid] Successfully rendered diagram: mermaid-8x1743dee @ http://localhost:4321/@id/astro:scripts/page.js:2
[   62404ms] [LOG] [astro-mermaid] Rendering diagram: mermaid-9lvjq6bpt @ http://localhost:4321/@id/astro:scripts/page.js:2
[   62582ms] [LOG] [astro-mermaid] Successfully rendered diagram: mermaid-9lvjq6bpt @ http://localhost:4321/@id/astro:scripts/page.js:2
[   62582ms] [LOG] [astro-mermaid] Rendering diagram: mermaid-jpt99habr @ http://localhost:4321/@id/astro:scripts/page.js:2
[   62717ms] [LOG] [astro-mermaid] Successfully rendered diagram: mermaid-jpt99habr @ http://localhost:4321/@id/astro:scripts/page.js:2
[   64960ms] [LOG] [astro-mermaid] Mermaid diagrams detected on initial load @ http://localhost:4321/@id/astro:scripts/page.js:2
[   64960ms] [LOG] [astro-mermaid] Initializing mermaid diagrams... @ http://localhost:4321/@id/astro:scripts/page.js:2
[   64960ms] [LOG] [astro-mermaid] Found 3 mermaid diagrams @ http://localhost:4321/@id/astro:scripts/page.js:2
[   64960ms] [LOG] [astro-mermaid] Loading mermaid.js... @ http://localhost:4321/@id/astro:scripts/page.js:2
[   64999ms] [LOG] [astro-mermaid] Using theme: base from body @ http://localhost:4321/@id/astro:scripts/page.js:2
[   65003ms] [LOG] [astro-mermaid] Rendering diagram: mermaid-kn1bav0qd @ http://localhost:4321/@id/astro:scripts/page.js:2
[   66259ms] [LOG] [astro-mermaid] Successfully rendered diagram: mermaid-kn1bav0qd @ http://localhost:4321/@id/astro:scripts/page.js:2
[   66260ms] [LOG] [astro-mermaid] Rendering diagram: mermaid-mdhchq6rn @ http://localhost:4321/@id/astro:scripts/page.js:2
[   66438ms] [LOG] [astro-mermaid] Successfully rendered diagram: mermaid-mdhchq6rn @ http://localhost:4321/@id/astro:scripts/page.js:2
[   66438ms] [LOG] [astro-mermaid] Rendering diagram: mermaid-lkzs04ju7 @ http://localhost:4321/@id/astro:scripts/page.js:2
[   66562ms] [LOG] [astro-mermaid] Successfully rendered diagram: mermaid-lkzs04ju7 @ http://localhost:4321/@id/astro:scripts/page.js:2
[   85032ms] [LOG] [astro-mermaid] Mermaid diagrams detected on initial load @ http://localhost:4321/@id/astro:scripts/page.js:2
[   85032ms] [LOG] [astro-mermaid] Initializing mermaid diagrams... @ http://localhost:4321/@id/astro:scripts/page.js:2
[   85032ms] [LOG] [astro-mermaid] Found 3 mermaid diagrams @ http://localhost:4321/@id/astro:scripts/page.js:2
[   85032ms] [LOG] [astro-mermaid] Loading mermaid.js... @ http://localhost:4321/@id/astro:scripts/page.js:2
[   85090ms] [LOG] [astro-mermaid] Using theme: base from body @ http://localhost:4321/@id/astro:scripts/page.js:2
[   85093ms] [LOG] [astro-mermaid] Rendering diagram: mermaid-4n7vrem91 @ http://localhost:4321/@id/astro:scripts/page.js:2
[   86092ms] [LOG] [astro-mermaid] Successfully rendered diagram: mermaid-4n7vrem91 @ http://localhost:4321/@id/astro:scripts/page.js:2
[   86093ms] [LOG] [astro-mermaid] Rendering diagram: mermaid-oj5r1b2po @ http://localhost:4321/@id/astro:scripts/page.js:2
[   86231ms] [LOG] [astro-mermaid] Successfully rendered diagram: mermaid-oj5r1b2po @ http://localhost:4321/@id/astro:scripts/page.js:2
[   86231ms] [LOG] [astro-mermaid] Rendering diagram: mermaid-2xdtbsbip @ http://localhost:4321/@id/astro:scripts/page.js:2
[   86290ms] [LOG] [astro-mermaid] Successfully rendered diagram: mermaid-2xdtbsbip @ http://localhost:4321/@id/astro:scripts/page.js:2
[  255340ms] [LOG] [astro-mermaid] Mermaid diagrams detected on initial load @ http://localhost:4321/@id/astro:scripts/page.js:2
[  255340ms] [LOG] [astro-mermaid] Initializing mermaid diagrams... @ http://localhost:4321/@id/astro:scripts/page.js:2
[  255340ms] [LOG] [astro-mermaid] Found 3 mermaid diagrams @ http://localhost:4321/@id/astro:scripts/page.js:2
[  255340ms] [LOG] [astro-mermaid] Loading mermaid.js... @ http://localhost:4321/@id/astro:scripts/page.js:2
[  255406ms] [LOG] [astro-mermaid] Using theme: base from body @ http://localhost:4321/@id/astro:scripts/page.js:2
[  255410ms] [LOG] [astro-mermaid] Rendering diagram: mermaid-mb9x350ov @ http://localhost:4321/@id/astro:scripts/page.js:2
[  256565ms] [LOG] [astro-mermaid] Successfully rendered diagram: mermaid-mb9x350ov @ http://localhost:4321/@id/astro:scripts/page.js:2
[  256565ms] [LOG] [astro-mermaid] Rendering diagram: mermaid-xo7ebfkoo @ http://localhost:4321/@id/astro:scripts/page.js:2
[  256677ms] [LOG] [astro-mermaid] Successfully rendered diagram: mermaid-xo7ebfkoo @ http://localhost:4321/@id/astro:scripts/page.js:2
[  256677ms] [LOG] [astro-mermaid] Rendering diagram: mermaid-ydl7bx7u2 @ http://localhost:4321/@id/astro:scripts/page.js:2
[  256783ms] [LOG] [astro-mermaid] Successfully rendered diagram: mermaid-ydl7bx7u2 @ http://localhost:4321/@id/astro:scripts/page.js:2
[  420091ms] [LOG] [astro-mermaid] Mermaid diagrams detected on initial load @ http://localhost:4321/@id/astro:scripts/page.js:2
[  420091ms] [LOG] [astro-mermaid] Initializing mermaid diagrams... @ http://localhost:4321/@id/astro:scripts/page.js:2
[  420091ms] [LOG] [astro-mermaid] Found 3 mermaid diagrams @ http://localhost:4321/@id/astro:scripts/page.js:2
[  420091ms] [LOG] [astro-mermaid] Loading mermaid.js... @ http://localhost:4321/@id/astro:scripts/page.js:2
[  420138ms] [LOG] [astro-mermaid] Using theme: base from body @ http://localhost:4321/@id/astro:scripts/page.js:2
[  420141ms] [LOG] [astro-mermaid] Rendering diagram: mermaid-d7jnbuecq @ http://localhost:4321/@id/astro:scripts/page.js:2
[  421100ms] [LOG] [astro-mermaid] Successfully rendered diagram: mermaid-d7jnbuecq @ http://localhost:4321/@id/astro:scripts/page.js:2
[  421101ms] [LOG] [astro-mermaid] Rendering diagram: mermaid-ap1beo8cn @ http://localhost:4321/@id/astro:scripts/page.js:2
[  421218ms] [LOG] [astro-mermaid] Successfully rendered diagram: mermaid-ap1beo8cn @ http://localhost:4321/@id/astro:scripts/page.js:2
[  421219ms] [LOG] [astro-mermaid] Rendering diagram: mermaid-8h33odwy3 @ http://localhost:4321/@id/astro:scripts/page.js:2
[  421283ms] [LOG] [astro-mermaid] Successfully rendered diagram: mermaid-8h33odwy3 @ http://localhost:4321/@id/astro:scripts/page.js:2
