[   66670ms] [LOG] [astro-mermaid] Mermaid diagrams detected on initial load @ http://localhost:4321/@id/astro:scripts/page.js:2
[   66670ms] [LOG] [astro-mermaid] Initializing mermaid diagrams... @ http://localhost:4321/@id/astro:scripts/page.js:2
[   66670ms] [LOG] [astro-mermaid] Found 3 mermaid diagrams @ http://localhost:4321/@id/astro:scripts/page.js:2
[   66670ms] [LOG] [astro-mermaid] Loading mermaid.js... @ http://localhost:4321/@id/astro:scripts/page.js:2
[   66739ms] [LOG] [astro-mermaid] Using theme: base from body @ http://localhost:4321/@id/astro:scripts/page.js:2
[   66748ms] [LOG] [astro-mermaid] Rendering diagram: mermaid-ykk3k8hrp @ http://localhost:4321/@id/astro:scripts/page.js:2
[   68263ms] [LOG] [astro-mermaid] Successfully rendered diagram: mermaid-ykk3k8hrp @ http://localhost:4321/@id/astro:scripts/page.js:2
[   68264ms] [LOG] [astro-mermaid] Rendering diagram: mermaid-okshpqle4 @ http://localhost:4321/@id/astro:scripts/page.js:2
[   68397ms] [LOG] [astro-mermaid] Successfully rendered diagram: mermaid-okshpqle4 @ http://localhost:4321/@id/astro:scripts/page.js:2
[   68397ms] [LOG] [astro-mermaid] Rendering diagram: mermaid-xc464epm0 @ http://localhost:4321/@id/astro:scripts/page.js:2
[   68520ms] [LOG] [astro-mermaid] Successfully rendered diagram: mermaid-xc464epm0 @ http://localhost:4321/@id/astro:scripts/page.js:2
[   82423ms] [LOG] [astro-mermaid] Mermaid diagrams detected on initial load @ http://localhost:4321/@id/astro:scripts/page.js:2
[   82423ms] [LOG] [astro-mermaid] Initializing mermaid diagrams... @ http://localhost:4321/@id/astro:scripts/page.js:2
[   82423ms] [LOG] [astro-mermaid] Found 3 mermaid diagrams @ http://localhost:4321/@id/astro:scripts/page.js:2
[   82423ms] [LOG] [astro-mermaid] Loading mermaid.js... @ http://localhost:4321/@id/astro:scripts/page.js:2
[   82488ms] [LOG] [astro-mermaid] Using theme: base from body @ http://localhost:4321/@id/astro:scripts/page.js:2
[   82492ms] [LOG] [astro-mermaid] Rendering diagram: mermaid-609e2ct1y @ http://localhost:4321/@id/astro:scripts/page.js:2
[   83503ms] [LOG] [astro-mermaid] Successfully rendered diagram: mermaid-609e2ct1y @ http://localhost:4321/@id/astro:scripts/page.js:2
[   83503ms] [LOG] [astro-mermaid] Rendering diagram: mermaid-kdkxumkx6 @ http://localhost:4321/@id/astro:scripts/page.js:2
[   83607ms] [LOG] [astro-mermaid] Successfully rendered diagram: mermaid-kdkxumkx6 @ http://localhost:4321/@id/astro:scripts/page.js:2
[   83607ms] [LOG] [astro-mermaid] Rendering diagram: mermaid-2d9x38t9y @ http://localhost:4321/@id/astro:scripts/page.js:2
[   83702ms] [LOG] [astro-mermaid] Successfully rendered diagram: mermaid-2d9x38t9y @ http://localhost:4321/@id/astro:scripts/page.js:2
[   87635ms] [LOG] [astro-mermaid] Mermaid diagrams detected on initial load @ http://localhost:4321/@id/astro:scripts/page.js:2
[   87636ms] [LOG] [astro-mermaid] Initializing mermaid diagrams... @ http://localhost:4321/@id/astro:scripts/page.js:2
[   87636ms] [LOG] [astro-mermaid] Found 3 mermaid diagrams @ http://localhost:4321/@id/astro:scripts/page.js:2
[   87636ms] [LOG] [astro-mermaid] Loading mermaid.js... @ http://localhost:4321/@id/astro:scripts/page.js:2
[   87702ms] [LOG] [astro-mermaid] Using theme: base from body @ http://localhost:4321/@id/astro:scripts/page.js:2
[   87707ms] [LOG] [astro-mermaid] Rendering diagram: mermaid-fglk81pdp @ http://localhost:4321/@id/astro:scripts/page.js:2
[   89413ms] [LOG] [astro-mermaid] Successfully rendered diagram: mermaid-fglk81pdp @ http://localhost:4321/@id/astro:scripts/page.js:2
[   89413ms] [LOG] [astro-mermaid] Rendering diagram: mermaid-kkzf1pvlr @ http://localhost:4321/@id/astro:scripts/page.js:2
[   89554ms] [LOG] [astro-mermaid] Successfully rendered diagram: mermaid-kkzf1pvlr @ http://localhost:4321/@id/astro:scripts/page.js:2
[   89554ms] [LOG] [astro-mermaid] Rendering diagram: mermaid-5d0tsr0bk @ http://localhost:4321/@id/astro:scripts/page.js:2
[   89688ms] [LOG] [astro-mermaid] Successfully rendered diagram: mermaid-5d0tsr0bk @ http://localhost:4321/@id/astro:scripts/page.js:2
[   92773ms] [LOG] [astro-mermaid] Mermaid diagrams detected on initial load @ http://localhost:4321/@id/astro:scripts/page.js:2
[   92774ms] [LOG] [astro-mermaid] Initializing mermaid diagrams... @ http://localhost:4321/@id/astro:scripts/page.js:2
[   92774ms] [LOG] [astro-mermaid] Found 3 mermaid diagrams @ http://localhost:4321/@id/astro:scripts/page.js:2
[   92775ms] [LOG] [astro-mermaid] Loading mermaid.js... @ http://localhost:4321/@id/astro:scripts/page.js:2
[   92820ms] [LOG] [astro-mermaid] Using theme: base from body @ http://localhost:4321/@id/astro:scripts/page.js:2
[   92823ms] [LOG] [astro-mermaid] Rendering diagram: mermaid-yb6lol5ng @ http://localhost:4321/@id/astro:scripts/page.js:2
[   93784ms] [LOG] [astro-mermaid] Successfully rendered diagram: mermaid-yb6lol5ng @ http://localhost:4321/@id/astro:scripts/page.js:2
[   93784ms] [LOG] [astro-mermaid] Rendering diagram: mermaid-fa18ggtio @ http://localhost:4321/@id/astro:scripts/page.js:2
[   93938ms] [LOG] [astro-mermaid] Successfully rendered diagram: mermaid-fa18ggtio @ http://localhost:4321/@id/astro:scripts/page.js:2
[   93938ms] [LOG] [astro-mermaid] Rendering diagram: mermaid-5wmpt8juc @ http://localhost:4321/@id/astro:scripts/page.js:2
[   94022ms] [LOG] [astro-mermaid] Successfully rendered diagram: mermaid-5wmpt8juc @ http://localhost:4321/@id/astro:scripts/page.js:2
[   97659ms] [LOG] [astro-mermaid] Mermaid diagrams detected on initial load @ http://localhost:4321/@id/astro:scripts/page.js:2
[   97659ms] [LOG] [astro-mermaid] Initializing mermaid diagrams... @ http://localhost:4321/@id/astro:scripts/page.js:2
[   97659ms] [LOG] [astro-mermaid] Found 3 mermaid diagrams @ http://localhost:4321/@id/astro:scripts/page.js:2
[   97659ms] [LOG] [astro-mermaid] Loading mermaid.js... @ http://localhost:4321/@id/astro:scripts/page.js:2
[   97705ms] [LOG] [astro-mermaid] Using theme: base from body @ http://localhost:4321/@id/astro:scripts/page.js:2
[   97709ms] [LOG] [astro-mermaid] Rendering diagram: mermaid-7c6alnloy @ http://localhost:4321/@id/astro:scripts/page.js:2
[   98556ms] [LOG] [astro-mermaid] Successfully rendered diagram: mermaid-7c6alnloy @ http://localhost:4321/@id/astro:scripts/page.js:2
[   98556ms] [LOG] [astro-mermaid] Rendering diagram: mermaid-zu9pzbnes @ http://localhost:4321/@id/astro:scripts/page.js:2
[   98676ms] [LOG] [astro-mermaid] Successfully rendered diagram: mermaid-zu9pzbnes @ http://localhost:4321/@id/astro:scripts/page.js:2
[   98676ms] [LOG] [astro-mermaid] Rendering diagram: mermaid-alsyid26d @ http://localhost:4321/@id/astro:scripts/page.js:2
[   98731ms] [LOG] [astro-mermaid] Successfully rendered diagram: mermaid-alsyid26d @ http://localhost:4321/@id/astro:scripts/page.js:2
[  102125ms] [LOG] [astro-mermaid] Mermaid diagrams detected on initial load @ http://localhost:4321/@id/astro:scripts/page.js:2
[  102125ms] [LOG] [astro-mermaid] Initializing mermaid diagrams... @ http://localhost:4321/@id/astro:scripts/page.js:2
[  102125ms] [LOG] [astro-mermaid] Found 3 mermaid diagrams @ http://localhost:4321/@id/astro:scripts/page.js:2
[  102125ms] [LOG] [astro-mermaid] Loading mermaid.js... @ http://localhost:4321/@id/astro:scripts/page.js:2
[  102191ms] [LOG] [astro-mermaid] Using theme: base from body @ http://localhost:4321/@id/astro:scripts/page.js:2
[  102200ms] [LOG] [astro-mermaid] Rendering diagram: mermaid-9ew04zdlm @ http://localhost:4321/@id/astro:scripts/page.js:2
[  103329ms] [LOG] [astro-mermaid] Successfully rendered diagram: mermaid-9ew04zdlm @ http://localhost:4321/@id/astro:scripts/page.js:2
[  103329ms] [LOG] [astro-mermaid] Rendering diagram: mermaid-8ybvr003f @ http://localhost:4321/@id/astro:scripts/page.js:2
[  103439ms] [LOG] [astro-mermaid] Successfully rendered diagram: mermaid-8ybvr003f @ http://localhost:4321/@id/astro:scripts/page.js:2
[  103439ms] [LOG] [astro-mermaid] Rendering diagram: mermaid-3t0yxqppa @ http://localhost:4321/@id/astro:scripts/page.js:2
[  103507ms] [LOG] [astro-mermaid] Successfully rendered diagram: mermaid-3t0yxqppa @ http://localhost:4321/@id/astro:scripts/page.js:2
[  107265ms] [LOG] [astro-mermaid] Mermaid diagrams detected on initial load @ http://localhost:4321/@id/astro:scripts/page.js:2
[  107265ms] [LOG] [astro-mermaid] Initializing mermaid diagrams... @ http://localhost:4321/@id/astro:scripts/page.js:2
[  107265ms] [LOG] [astro-mermaid] Found 3 mermaid diagrams @ http://localhost:4321/@id/astro:scripts/page.js:2
[  107266ms] [LOG] [astro-mermaid] Loading mermaid.js... @ http://localhost:4321/@id/astro:scripts/page.js:2
[  107317ms] [LOG] [astro-mermaid] Using theme: base from body @ http://localhost:4321/@id/astro:scripts/page.js:2
[  107320ms] [LOG] [astro-mermaid] Rendering diagram: mermaid-ytpn3bzby @ http://localhost:4321/@id/astro:scripts/page.js:2
[  109009ms] [LOG] [astro-mermaid] Successfully rendered diagram: mermaid-ytpn3bzby @ http://localhost:4321/@id/astro:scripts/page.js:2
[  109009ms] [LOG] [astro-mermaid] Rendering diagram: mermaid-0g3u42zva @ http://localhost:4321/@id/astro:scripts/page.js:2
[  109176ms] [LOG] [astro-mermaid] Successfully rendered diagram: mermaid-0g3u42zva @ http://localhost:4321/@id/astro:scripts/page.js:2
[  109176ms] [LOG] [astro-mermaid] Rendering diagram: mermaid-owxjweu0t @ http://localhost:4321/@id/astro:scripts/page.js:2
[  109349ms] [LOG] [astro-mermaid] Successfully rendered diagram: mermaid-owxjweu0t @ http://localhost:4321/@id/astro:scripts/page.js:2
[  112302ms] [LOG] [astro-mermaid] Mermaid diagrams detected on initial load @ http://localhost:4321/@id/astro:scripts/page.js:2
[  112303ms] [LOG] [astro-mermaid] Initializing mermaid diagrams... @ http://localhost:4321/@id/astro:scripts/page.js:2
[  112303ms] [LOG] [astro-mermaid] Found 3 mermaid diagrams @ http://localhost:4321/@id/astro:scripts/page.js:2
[  112303ms] [LOG] [astro-mermaid] Loading mermaid.js... @ http://localhost:4321/@id/astro:scripts/page.js:2
[  112361ms] [LOG] [astro-mermaid] Using theme: base from body @ http://localhost:4321/@id/astro:scripts/page.js:2
[  112365ms] [LOG] [astro-mermaid] Rendering diagram: mermaid-riyfzzqw9 @ http://localhost:4321/@id/astro:scripts/page.js:2
[  113442ms] [LOG] [astro-mermaid] Successfully rendered diagram: mermaid-riyfzzqw9 @ http://localhost:4321/@id/astro:scripts/page.js:2
[  113442ms] [LOG] [astro-mermaid] Rendering diagram: mermaid-am7pftuk9 @ http://localhost:4321/@id/astro:scripts/page.js:2
[  113558ms] [LOG] [astro-mermaid] Successfully rendered diagram: mermaid-am7pftuk9 @ http://localhost:4321/@id/astro:scripts/page.js:2
[  113558ms] [LOG] [astro-mermaid] Rendering diagram: mermaid-iktxdu2m5 @ http://localhost:4321/@id/astro:scripts/page.js:2
[  113627ms] [LOG] [astro-mermaid] Successfully rendered diagram: mermaid-iktxdu2m5 @ http://localhost:4321/@id/astro:scripts/page.js:2
[  117332ms] [LOG] [astro-mermaid] Mermaid diagrams detected on initial load @ http://localhost:4321/@id/astro:scripts/page.js:2
[  117332ms] [LOG] [astro-mermaid] Initializing mermaid diagrams... @ http://localhost:4321/@id/astro:scripts/page.js:2
[  117332ms] [LOG] [astro-mermaid] Found 3 mermaid diagrams @ http://localhost:4321/@id/astro:scripts/page.js:2
[  117332ms] [LOG] [astro-mermaid] Loading mermaid.js... @ http://localhost:4321/@id/astro:scripts/page.js:2
[  117407ms] [LOG] [astro-mermaid] Using theme: base from body @ http://localhost:4321/@id/astro:scripts/page.js:2
[  117411ms] [LOG] [astro-mermaid] Rendering diagram: mermaid-5hvuizer9 @ http://localhost:4321/@id/astro:scripts/page.js:2
[  118405ms] [LOG] [astro-mermaid] Successfully rendered diagram: mermaid-5hvuizer9 @ http://localhost:4321/@id/astro:scripts/page.js:2
[  118405ms] [LOG] [astro-mermaid] Rendering diagram: mermaid-7q8u96w7x @ http://localhost:4321/@id/astro:scripts/page.js:2
[  118512ms] [LOG] [astro-mermaid] Successfully rendered diagram: mermaid-7q8u96w7x @ http://localhost:4321/@id/astro:scripts/page.js:2
[  118513ms] [LOG] [astro-mermaid] Rendering diagram: mermaid-k0ic98ztu @ http://localhost:4321/@id/astro:scripts/page.js:2
[  118575ms] [LOG] [astro-mermaid] Successfully rendered diagram: mermaid-k0ic98ztu @ http://localhost:4321/@id/astro:scripts/page.js:2
[  121862ms] [LOG] [astro-mermaid] Mermaid diagrams detected on initial load @ http://localhost:4321/@id/astro:scripts/page.js:2
[  121862ms] [LOG] [astro-mermaid] Initializing mermaid diagrams... @ http://localhost:4321/@id/astro:scripts/page.js:2
[  121862ms] [LOG] [astro-mermaid] Found 3 mermaid diagrams @ http://localhost:4321/@id/astro:scripts/page.js:2
[  121862ms] [LOG] [astro-mermaid] Loading mermaid.js... @ http://localhost:4321/@id/astro:scripts/page.js:2
[  121900ms] [LOG] [astro-mermaid] Using theme: base from body @ http://localhost:4321/@id/astro:scripts/page.js:2
[  121903ms] [LOG] [astro-mermaid] Rendering diagram: mermaid-qs51moynj @ http://localhost:4321/@id/astro:scripts/page.js:2
[  122854ms] [LOG] [astro-mermaid] Successfully rendered diagram: mermaid-qs51moynj @ http://localhost:4321/@id/astro:scripts/page.js:2
[  122855ms] [LOG] [astro-mermaid] Rendering diagram: mermaid-pbz0i6qcc @ http://localhost:4321/@id/astro:scripts/page.js:2
[  122988ms] [LOG] [astro-mermaid] Successfully rendered diagram: mermaid-pbz0i6qcc @ http://localhost:4321/@id/astro:scripts/page.js:2
[  122988ms] [LOG] [astro-mermaid] Rendering diagram: mermaid-bl997hyij @ http://localhost:4321/@id/astro:scripts/page.js:2
[  128399ms] [LOG] [astro-mermaid] Successfully rendered diagram: mermaid-9t8oosv6w @ http://localhost:4321/@id/astro:scripts/page.js:2
[  128399ms] [LOG] [astro-mermaid] Rendering diagram: mermaid-mokjo6vxn @ http://localhost:4321/@id/astro:scripts/page.js:2
[  128544ms] [LOG] [astro-mermaid] Successfully rendered diagram: mermaid-mokjo6vxn @ http://localhost:4321/@id/astro:scripts/page.js:2
[  128544ms] [LOG] [astro-mermaid] Rendering diagram: mermaid-b91uyjff4 @ http://localhost:4321/@id/astro:scripts/page.js:2
[  128621ms] [LOG] [astro-mermaid] Successfully rendered diagram: mermaid-b91uyjff4 @ http://localhost:4321/@id/astro:scripts/page.js:2
[  129529ms] [LOG] [astro-mermaid] Mermaid diagrams detected on initial load @ http://localhost:4321/@id/astro:scripts/page.js:2
[  129530ms] [LOG] [astro-mermaid] Initializing mermaid diagrams... @ http://localhost:4321/@id/astro:scripts/page.js:2
[  129530ms] [LOG] [astro-mermaid] Found 3 mermaid diagrams @ http://localhost:4321/@id/astro:scripts/page.js:2
[  129530ms] [LOG] [astro-mermaid] Loading mermaid.js... @ http://localhost:4321/@id/astro:scripts/page.js:2
[  129572ms] [LOG] [astro-mermaid] Using theme: base from body @ http://localhost:4321/@id/astro:scripts/page.js:2
[  129574ms] [LOG] [astro-mermaid] Rendering diagram: mermaid-86e6jmpnr @ http://localhost:4321/@id/astro:scripts/page.js:2
[  130495ms] [LOG] [astro-mermaid] Successfully rendered diagram: mermaid-86e6jmpnr @ http://localhost:4321/@id/astro:scripts/page.js:2
[  130495ms] [LOG] [astro-mermaid] Rendering diagram: mermaid-i76x9eh6p @ http://localhost:4321/@id/astro:scripts/page.js:2
[  130611ms] [LOG] [astro-mermaid] Successfully rendered diagram: mermaid-i76x9eh6p @ http://localhost:4321/@id/astro:scripts/page.js:2
[  130611ms] [LOG] [astro-mermaid] Rendering diagram: mermaid-j5tozwsgv @ http://localhost:4321/@id/astro:scripts/page.js:2
[  130724ms] [LOG] [astro-mermaid] Successfully rendered diagram: mermaid-j5tozwsgv @ http://localhost:4321/@id/astro:scripts/page.js:2
[  132296ms] [LOG] [astro-mermaid] Mermaid diagrams detected on initial load @ http://localhost:4321/@id/astro:scripts/page.js:2
[  132297ms] [LOG] [astro-mermaid] Initializing mermaid diagrams... @ http://localhost:4321/@id/astro:scripts/page.js:2
[  132297ms] [LOG] [astro-mermaid] Found 3 mermaid diagrams @ http://localhost:4321/@id/astro:scripts/page.js:2
[  132297ms] [LOG] [astro-mermaid] Loading mermaid.js... @ http://localhost:4321/@id/astro:scripts/page.js:2
[  132342ms] [LOG] [astro-mermaid] Using theme: base from body @ http://localhost:4321/@id/astro:scripts/page.js:2
[  132344ms] [LOG] [astro-mermaid] Rendering diagram: mermaid-vbxy7ddws @ http://localhost:4321/@id/astro:scripts/page.js:2
[  133458ms] [LOG] [astro-mermaid] Successfully rendered diagram: mermaid-vbxy7ddws @ http://localhost:4321/@id/astro:scripts/page.js:2
[  133458ms] [LOG] [astro-mermaid] Rendering diagram: mermaid-0oagr74ds @ http://localhost:4321/@id/astro:scripts/page.js:2
[  133643ms] [LOG] [astro-mermaid] Successfully rendered diagram: mermaid-0oagr74ds @ http://localhost:4321/@id/astro:scripts/page.js:2
[  133644ms] [LOG] [astro-mermaid] Rendering diagram: mermaid-7m5o5p3rn @ http://localhost:4321/@id/astro:scripts/page.js:2
[  133741ms] [LOG] [astro-mermaid] Successfully rendered diagram: mermaid-7m5o5p3rn @ http://localhost:4321/@id/astro:scripts/page.js:2
[  137750ms] [LOG] [astro-mermaid] Mermaid diagrams detected on initial load @ http://localhost:4321/@id/astro:scripts/page.js:2
[  137750ms] [LOG] [astro-mermaid] Initializing mermaid diagrams... @ http://localhost:4321/@id/astro:scripts/page.js:2
[  137750ms] [LOG] [astro-mermaid] Found 3 mermaid diagrams @ http://localhost:4321/@id/astro:scripts/page.js:2
[  137751ms] [LOG] [astro-mermaid] Loading mermaid.js... @ http://localhost:4321/@id/astro:scripts/page.js:2
[  137794ms] [LOG] [astro-mermaid] Using theme: base from body @ http://localhost:4321/@id/astro:scripts/page.js:2
[  137797ms] [LOG] [astro-mermaid] Rendering diagram: mermaid-zwuri640p @ http://localhost:4321/@id/astro:scripts/page.js:2
[  138585ms] [LOG] [astro-mermaid] Successfully rendered diagram: mermaid-zwuri640p @ http://localhost:4321/@id/astro:scripts/page.js:2
[  138585ms] [LOG] [astro-mermaid] Rendering diagram: mermaid-h3ua2vh2y @ http://localhost:4321/@id/astro:scripts/page.js:2
[  138683ms] [LOG] [astro-mermaid] Successfully rendered diagram: mermaid-h3ua2vh2y @ http://localhost:4321/@id/astro:scripts/page.js:2
[  138683ms] [LOG] [astro-mermaid] Rendering diagram: mermaid-nve0zour7 @ http://localhost:4321/@id/astro:scripts/page.js:2
[  138753ms] [LOG] [astro-mermaid] Successfully rendered diagram: mermaid-nve0zour7 @ http://localhost:4321/@id/astro:scripts/page.js:2
[  147064ms] [LOG] [astro-mermaid] Mermaid diagrams detected on initial load @ http://localhost:4321/@id/astro:scripts/page.js:2
[  147065ms] [LOG] [astro-mermaid] Initializing mermaid diagrams... @ http://localhost:4321/@id/astro:scripts/page.js:2
[  147065ms] [LOG] [astro-mermaid] Found 3 mermaid diagrams @ http://localhost:4321/@id/astro:scripts/page.js:2
[  147065ms] [LOG] [astro-mermaid] Loading mermaid.js... @ http://localhost:4321/@id/astro:scripts/page.js:2
[  147140ms] [LOG] [astro-mermaid] Using theme: base from body @ http://localhost:4321/@id/astro:scripts/page.js:2
[  147144ms] [LOG] [astro-mermaid] Rendering diagram: mermaid-ja8kkmdbp @ http://localhost:4321/@id/astro:scripts/page.js:2
[  148530ms] [LOG] [astro-mermaid] Successfully rendered diagram: mermaid-ja8kkmdbp @ http://localhost:4321/@id/astro:scripts/page.js:2
[  148530ms] [LOG] [astro-mermaid] Rendering diagram: mermaid-c58hhn8la @ http://localhost:4321/@id/astro:scripts/page.js:2
[  148646ms] [LOG] [astro-mermaid] Successfully rendered diagram: mermaid-c58hhn8la @ http://localhost:4321/@id/astro:scripts/page.js:2
[  148646ms] [LOG] [astro-mermaid] Rendering diagram: mermaid-ofo5hstlk @ http://localhost:4321/@id/astro:scripts/page.js:2
[  148733ms] [LOG] [astro-mermaid] Successfully rendered diagram: mermaid-ofo5hstlk @ http://localhost:4321/@id/astro:scripts/page.js:2
[  152153ms] [LOG] [astro-mermaid] Mermaid diagrams detected on initial load @ http://localhost:4321/@id/astro:scripts/page.js:2
[  152153ms] [LOG] [astro-mermaid] Initializing mermaid diagrams... @ http://localhost:4321/@id/astro:scripts/page.js:2
[  152153ms] [LOG] [astro-mermaid] Found 3 mermaid diagrams @ http://localhost:4321/@id/astro:scripts/page.js:2
[  152153ms] [LOG] [astro-mermaid] Loading mermaid.js... @ http://localhost:4321/@id/astro:scripts/page.js:2
[  152257ms] [LOG] [astro-mermaid] Using theme: base from body @ http://localhost:4321/@id/astro:scripts/page.js:2
[  152268ms] [LOG] [astro-mermaid] Rendering diagram: mermaid-hetq71oc7 @ http://localhost:4321/@id/astro:scripts/page.js:2
[  153730ms] [LOG] [astro-mermaid] Successfully rendered diagram: mermaid-hetq71oc7 @ http://localhost:4321/@id/astro:scripts/page.js:2
[  153730ms] [LOG] [astro-mermaid] Rendering diagram: mermaid-9x00n4th1 @ http://localhost:4321/@id/astro:scripts/page.js:2
[  153854ms] [LOG] [astro-mermaid] Successfully rendered diagram: mermaid-9x00n4th1 @ http://localhost:4321/@id/astro:scripts/page.js:2
[  153854ms] [LOG] [astro-mermaid] Rendering diagram: mermaid-dykirtx9w @ http://localhost:4321/@id/astro:scripts/page.js:2
[  153985ms] [LOG] [astro-mermaid] Successfully rendered diagram: mermaid-dykirtx9w @ http://localhost:4321/@id/astro:scripts/page.js:2
[  157342ms] [LOG] [astro-mermaid] Mermaid diagrams detected on initial load @ http://localhost:4321/@id/astro:scripts/page.js:2
[  157342ms] [LOG] [astro-mermaid] Initializing mermaid diagrams... @ http://localhost:4321/@id/astro:scripts/page.js:2
[  157343ms] [LOG] [astro-mermaid] Found 3 mermaid diagrams @ http://localhost:4321/@id/astro:scripts/page.js:2
[  157343ms] [LOG] [astro-mermaid] Loading mermaid.js... @ http://localhost:4321/@id/astro:scripts/page.js:2
[  157393ms] [LOG] [astro-mermaid] Using theme: base from body @ http://localhost:4321/@id/astro:scripts/page.js:2
[  157396ms] [LOG] [astro-mermaid] Rendering diagram: mermaid-8ldmgcstk @ http://localhost:4321/@id/astro:scripts/page.js:2
[  158960ms] [LOG] [astro-mermaid] Successfully rendered diagram: mermaid-8ldmgcstk @ http://localhost:4321/@id/astro:scripts/page.js:2
[  158960ms] [LOG] [astro-mermaid] Rendering diagram: mermaid-2mj0ybkxo @ http://localhost:4321/@id/astro:scripts/page.js:2
[  159078ms] [LOG] [astro-mermaid] Successfully rendered diagram: mermaid-2mj0ybkxo @ http://localhost:4321/@id/astro:scripts/page.js:2
[  159078ms] [LOG] [astro-mermaid] Rendering diagram: mermaid-cb2jhmv8x @ http://localhost:4321/@id/astro:scripts/page.js:2
[  159181ms] [LOG] [astro-mermaid] Successfully rendered diagram: mermaid-cb2jhmv8x @ http://localhost:4321/@id/astro:scripts/page.js:2
[  173598ms] [LOG] [astro-mermaid] Mermaid diagrams detected on initial load @ http://localhost:4321/@id/astro:scripts/page.js:2
[  173598ms] [LOG] [astro-mermaid] Initializing mermaid diagrams... @ http://localhost:4321/@id/astro:scripts/page.js:2
[  173598ms] [LOG] [astro-mermaid] Found 3 mermaid diagrams @ http://localhost:4321/@id/astro:scripts/page.js:2
[  173598ms] [LOG] [astro-mermaid] Loading mermaid.js... @ http://localhost:4321/@id/astro:scripts/page.js:2
[  173665ms] [LOG] [astro-mermaid] Using theme: base from body @ http://localhost:4321/@id/astro:scripts/page.js:2
[  173667ms] [LOG] [astro-mermaid] Rendering diagram: mermaid-64iwq8u3q @ http://localhost:4321/@id/astro:scripts/page.js:2
[  174797ms] [LOG] [astro-mermaid] Successfully rendered diagram: mermaid-64iwq8u3q @ http://localhost:4321/@id/astro:scripts/page.js:2
[  174797ms] [LOG] [astro-mermaid] Rendering diagram: mermaid-yma12ygu7 @ http://localhost:4321/@id/astro:scripts/page.js:2
[  174952ms] [LOG] [astro-mermaid] Successfully rendered diagram: mermaid-yma12ygu7 @ http://localhost:4321/@id/astro:scripts/page.js:2
[  174952ms] [LOG] [astro-mermaid] Rendering diagram: mermaid-0xn1xyko9 @ http://localhost:4321/@id/astro:scripts/page.js:2
[  175032ms] [LOG] [astro-mermaid] Successfully rendered diagram: mermaid-0xn1xyko9 @ http://localhost:4321/@id/astro:scripts/page.js:2
[  206385ms] [LOG] [astro-mermaid] Mermaid diagrams detected on initial load @ http://localhost:4321/@id/astro:scripts/page.js:2
[  206385ms] [LOG] [astro-mermaid] Initializing mermaid diagrams... @ http://localhost:4321/@id/astro:scripts/page.js:2
[  206385ms] [LOG] [astro-mermaid] Found 3 mermaid diagrams @ http://localhost:4321/@id/astro:scripts/page.js:2
[  206385ms] [LOG] [astro-mermaid] Loading mermaid.js... @ http://localhost:4321/@id/astro:scripts/page.js:2
[  206444ms] [LOG] [astro-mermaid] Using theme: base from body @ http://localhost:4321/@id/astro:scripts/page.js:2
[  206447ms] [LOG] [astro-mermaid] Rendering diagram: mermaid-neh7rk278 @ http://localhost:4321/@id/astro:scripts/page.js:2
[  207299ms] [LOG] [astro-mermaid] Successfully rendered diagram: mermaid-neh7rk278 @ http://localhost:4321/@id/astro:scripts/page.js:2
[  207300ms] [LOG] [astro-mermaid] Rendering diagram: mermaid-tfsjyrc9d @ http://localhost:4321/@id/astro:scripts/page.js:2
[  207555ms] [LOG] [astro-mermaid] Successfully rendered diagram: mermaid-tfsjyrc9d @ http://localhost:4321/@id/astro:scripts/page.js:2
[  207555ms] [LOG] [astro-mermaid] Rendering diagram: mermaid-v3ie0gaht @ http://localhost:4321/@id/astro:scripts/page.js:2
[  207630ms] [LOG] [astro-mermaid] Successfully rendered diagram: mermaid-v3ie0gaht @ http://localhost:4321/@id/astro:scripts/page.js:2
